[INFO ] 2020-07-07 13:15:18.005 [main] com.mic.eis.EisWebMain - Starting EisWebMain on LAPTOP-QIJ86VMM with PID 7052 (D:\Study\Java\EIS\EISProject\eis\eis-assembly\target\classes started by wanghongliang in D:\Study\Java\EIS\EISProject\eis)
[INFO ] 2020-07-07 13:15:18.007 [main] com.mic.eis.EisWebMain - The following profiles are active: dev
[INFO ] 2020-07-07 13:15:18.809 [main] o.s.d.r.c.RepositoryConfigurationDelegate - Multiple Spring Data modules found, entering strict repository configuration mode!
[INFO ] 2020-07-07 13:15:18.812 [main] o.s.d.r.c.RepositoryConfigurationDelegate - Bootstrapping Spring Data repositories in DEFAULT mode.
[INFO ] 2020-07-07 13:15:18.834 [main] o.s.d.r.c.RepositoryConfigurationDelegate - Finished Spring Data repository scanning in 8ms. Found 0 repository interfaces.
[INFO ] 2020-07-07 13:15:19.145 [main] o.s.c.s.PostProcessorRegistrationDelegate$BeanPostProcessorChecker - Bean 'org.springframework.transaction.annotation.ProxyTransactionManagementConfiguration' of type [org.springframework.transaction.annotation.ProxyTransactionManagementConfiguration$$EnhancerBySpringCGLIB$$4e9c3074] is not eligible for getting processed by all BeanPostProcessors (for example: not eligible for auto-proxying)
[INFO ] 2020-07-07 13:15:19.380 [main] o.s.b.w.e.tomcat.TomcatWebServer - Tomcat initialized with port(s): 8088 (http)
[INFO ] 2020-07-07 13:15:19.394 [main] o.a.coyote.http11.Http11NioProtocol - Initializing ProtocolHandler ["http-nio-8088"]
[INFO ] 2020-07-07 13:15:19.401 [main] o.a.catalina.core.StandardService - Starting service [Tomcat]
[INFO ] 2020-07-07 13:15:19.402 [main] o.a.catalina.core.StandardEngine - Starting Servlet engine: [Apache Tomcat/9.0.24]
[INFO ] 2020-07-07 13:15:19.520 [main] o.a.c.c.C.[.[localhost].[/eis-api] - Initializing Spring embedded WebApplicationContext
[INFO ] 2020-07-07 13:15:19.520 [main] o.s.web.context.ContextLoader - Root WebApplicationContext: initialization completed in 1446 ms
[INFO ] 2020-07-07 13:15:20.001 [main] o.s.s.c.ThreadPoolTaskExecutor - Initializing ExecutorService
[INFO ] 2020-07-07 13:15:20.002 [main] o.s.s.c.ThreadPoolTaskExecutor - Initializing ExecutorService 'defaultThreadPool'
[INFO ] 2020-07-07 13:15:20.210 [main] s.d.s.w.PropertySourcedRequestMappingHandlerMapping - Mapped URL path [/v2/api-docs] onto method [public org.springframework.http.ResponseEntity<springfox.documentation.spring.web.json.Json> springfox.documentation.swagger2.web.Swagger2Controller.getDocumentation(java.lang.String,javax.servlet.http.HttpServletRequest)]
[INFO ] 2020-07-07 13:15:21.590 [main] o.s.b.a.s.s.UserDetailsServiceAutoConfiguration - 

Using generated security password: fe060d4a-4ea3-47b8-a674-ecf93f61d754

[INFO ] 2020-07-07 13:15:21.701 [main] o.s.s.web.DefaultSecurityFilterChain - Creating filter chain: any request, [org.springframework.security.web.context.request.async.WebAsyncManagerIntegrationFilter@38ac8968, org.springframework.security.web.context.SecurityContextPersistenceFilter@1cd2143b, org.springframework.security.web.header.HeaderWriterFilter@6aa7e176, org.springframework.security.web.csrf.CsrfFilter@2478b629, org.springframework.security.web.authentication.logout.LogoutFilter@75882261, org.springframework.security.web.authentication.UsernamePasswordAuthenticationFilter@5fef0c19, org.springframework.security.web.authentication.ui.DefaultLoginPageGeneratingFilter@257f30f7, org.springframework.security.web.authentication.ui.DefaultLogoutPageGeneratingFilter@17ff8810, org.springframework.security.web.authentication.www.BasicAuthenticationFilter@382d71c7, org.springframework.security.web.savedrequest.RequestCacheAwareFilter@601d6622, org.springframework.security.web.servletapi.SecurityContextHolderAwareRequestFilter@6d69a0d3, org.springframework.security.web.authentication.AnonymousAuthenticationFilter@6c951ada, org.springframework.security.web.session.SessionManagementFilter@281b2dfd, org.springframework.security.web.access.ExceptionTranslationFilter@30f28b5, org.springframework.security.web.access.intercept.FilterSecurityInterceptor@512abf25]
[INFO ] 2020-07-07 13:15:21.712 [main] o.s.s.c.ThreadPoolTaskScheduler - Initializing ExecutorService 'taskScheduler'
[INFO ] 2020-07-07 13:15:21.774 [main] s.d.s.w.p.DocumentationPluginsBootstrapper - Context refreshed
[INFO ] 2020-07-07 13:15:21.789 [main] s.d.s.w.p.DocumentationPluginsBootstrapper - Found 1 custom documentation plugin(s)
[INFO ] 2020-07-07 13:15:21.819 [main] s.d.s.w.s.ApiListingReferenceScanner - Scanning for api listing references
[INFO ] 2020-07-07 13:15:21.950 [main] o.a.coyote.http11.Http11NioProtocol - Starting ProtocolHandler ["http-nio-8088"]
[INFO ] 2020-07-07 13:15:21.970 [main] o.s.b.w.e.tomcat.TomcatWebServer - Tomcat started on port(s): 8088 (http) with context path '/eis-api'
[INFO ] 2020-07-07 13:15:21.973 [main] com.mic.eis.EisWebMain - Started EisWebMain in 4.475 seconds (JVM running for 6.573)
[INFO ] 2020-07-07 13:16:39.032 [http-nio-8088-exec-6] o.a.c.c.C.[.[localhost].[/eis-api] - Initializing Spring DispatcherServlet 'dispatcherServlet'
[INFO ] 2020-07-07 13:16:39.032 [http-nio-8088-exec-6] o.s.web.servlet.DispatcherServlet - Initializing Servlet 'dispatcherServlet'
[INFO ] 2020-07-07 13:16:39.039 [http-nio-8088-exec-6] o.s.web.servlet.DispatcherServlet - Completed initialization in 7 ms
[INFO ] 2020-07-07 13:30:50.467 [main] com.mic.eis.EisWebMain - Starting EisWebMain on LAPTOP-QIJ86VMM with PID 15876 (D:\Study\Java\EIS\EISProject\eis\eis-assembly\target\classes started by wanghongliang in D:\Study\Java\EIS\EISProject\eis)
[INFO ] 2020-07-07 13:30:50.470 [main] com.mic.eis.EisWebMain - The following profiles are active: dev
[INFO ] 2020-07-07 13:30:51.523 [main] o.s.d.r.c.RepositoryConfigurationDelegate - Multiple Spring Data modules found, entering strict repository configuration mode!
[INFO ] 2020-07-07 13:30:51.525 [main] o.s.d.r.c.RepositoryConfigurationDelegate - Bootstrapping Spring Data repositories in DEFAULT mode.
[INFO ] 2020-07-07 13:30:51.553 [main] o.s.d.r.c.RepositoryConfigurationDelegate - Finished Spring Data repository scanning in 16ms. Found 0 repository interfaces.
[INFO ] 2020-07-07 13:30:51.813 [main] o.s.c.s.PostProcessorRegistrationDelegate$BeanPostProcessorChecker - Bean 'shiroConfig' of type [com.mic.eis.config.ShiroConfig$$EnhancerBySpringCGLIB$$52f78152] is not eligible for getting processed by all BeanPostProcessors (for example: not eligible for auto-proxying)
[INFO ] 2020-07-07 13:30:52.445 [main] o.s.c.s.PostProcessorRegistrationDelegate$BeanPostProcessorChecker - Bean 'credentialsMatcher' of type [org.apache.shiro.authc.credential.HashedCredentialsMatcher] is not eligible for getting processed by all BeanPostProcessors (for example: not eligible for auto-proxying)
[INFO ] 2020-07-07 13:30:52.448 [main] o.s.c.s.PostProcessorRegistrationDelegate$BeanPostProcessorChecker - Bean 'customRealm' of type [com.mic.eis.config.CustomRealm] is not eligible for getting processed by all BeanPostProcessors (for example: not eligible for auto-proxying)
[INFO ] 2020-07-07 13:30:52.457 [main] o.s.c.s.PostProcessorRegistrationDelegate$BeanPostProcessorChecker - Bean 'sessionManager' of type [com.mic.eis.config.CustomSessionManager] is not eligible for getting processed by all BeanPostProcessors (for example: not eligible for auto-proxying)
[INFO ] 2020-07-07 13:30:52.459 [main] o.s.c.s.PostProcessorRegistrationDelegate$BeanPostProcessorChecker - Bean 'securityManager' of type [org.apache.shiro.web.mgt.DefaultWebSecurityManager] is not eligible for getting processed by all BeanPostProcessors (for example: not eligible for auto-proxying)
[INFO ] 2020-07-07 13:30:52.489 [main] o.s.c.s.PostProcessorRegistrationDelegate$BeanPostProcessorChecker - Bean 'authorizationAttributeSourceAdvisor' of type [org.apache.shiro.spring.security.interceptor.AuthorizationAttributeSourceAdvisor] is not eligible for getting processed by all BeanPostProcessors (for example: not eligible for auto-proxying)
[INFO ] 2020-07-07 13:30:52.519 [main] o.s.c.s.PostProcessorRegistrationDelegate$BeanPostProcessorChecker - Bean 'org.springframework.transaction.annotation.ProxyTransactionManagementConfiguration' of type [org.springframework.transaction.annotation.ProxyTransactionManagementConfiguration$$EnhancerBySpringCGLIB$$dd2c28d3] is not eligible for getting processed by all BeanPostProcessors (for example: not eligible for auto-proxying)
[INFO ] 2020-07-07 13:30:52.908 [main] o.s.b.w.e.tomcat.TomcatWebServer - Tomcat initialized with port(s): 8088 (http)
[INFO ] 2020-07-07 13:30:52.921 [main] o.a.coyote.http11.Http11NioProtocol - Initializing ProtocolHandler ["http-nio-8088"]
[INFO ] 2020-07-07 13:30:52.928 [main] o.a.catalina.core.StandardService - Starting service [Tomcat]
[INFO ] 2020-07-07 13:30:52.929 [main] o.a.catalina.core.StandardEngine - Starting Servlet engine: [Apache Tomcat/9.0.24]
[INFO ] 2020-07-07 13:30:53.044 [main] o.a.c.c.C.[.[localhost].[/eis-api] - Initializing Spring embedded WebApplicationContext
[INFO ] 2020-07-07 13:30:53.044 [main] o.s.web.context.ContextLoader - Root WebApplicationContext: initialization completed in 2523 ms
[INFO ] 2020-07-07 13:30:53.768 [main] o.s.s.c.ThreadPoolTaskExecutor - Initializing ExecutorService
[INFO ] 2020-07-07 13:30:53.770 [main] o.s.s.c.ThreadPoolTaskExecutor - Initializing ExecutorService 'defaultThreadPool'
[INFO ] 2020-07-07 13:30:54.062 [main] s.d.s.w.PropertySourcedRequestMappingHandlerMapping - Mapped URL path [/v2/api-docs] onto method [public org.springframework.http.ResponseEntity<springfox.documentation.spring.web.json.Json> springfox.documentation.swagger2.web.Swagger2Controller.getDocumentation(java.lang.String,javax.servlet.http.HttpServletRequest)]
[INFO ] 2020-07-07 13:30:55.622 [main] o.s.b.a.s.s.UserDetailsServiceAutoConfiguration - 

Using generated security password: 0815e470-bce7-499c-9703-65f9bd0a08e8

[INFO ] 2020-07-07 13:30:55.761 [main] o.s.s.web.DefaultSecurityFilterChain - Creating filter chain: any request, [org.springframework.security.web.context.request.async.WebAsyncManagerIntegrationFilter@55421b8d, org.springframework.security.web.context.SecurityContextPersistenceFilter@5c82031b, org.springframework.security.web.header.HeaderWriterFilter@4bce62b, org.springframework.security.web.csrf.CsrfFilter@7ddeb27f, org.springframework.security.web.authentication.logout.LogoutFilter@4bcdd11, org.springframework.security.web.authentication.UsernamePasswordAuthenticationFilter@6cdbe5ec, org.springframework.security.web.authentication.ui.DefaultLoginPageGeneratingFilter@482ba4b1, org.springframework.security.web.authentication.ui.DefaultLogoutPageGeneratingFilter@24a04257, org.springframework.security.web.authentication.www.BasicAuthenticationFilter@3751acd7, org.springframework.security.web.savedrequest.RequestCacheAwareFilter@74c121d4, org.springframework.security.web.servletapi.SecurityContextHolderAwareRequestFilter@1216eb3f, org.springframework.security.web.authentication.AnonymousAuthenticationFilter@6615237, org.springframework.security.web.session.SessionManagementFilter@15a8cebd, org.springframework.security.web.access.ExceptionTranslationFilter@250967f1, org.springframework.security.web.access.intercept.FilterSecurityInterceptor@21dea711]
[INFO ] 2020-07-07 13:30:55.777 [main] o.s.s.c.ThreadPoolTaskScheduler - Initializing ExecutorService 'taskScheduler'
[INFO ] 2020-07-07 13:30:55.844 [main] s.d.s.w.p.DocumentationPluginsBootstrapper - Context refreshed
[INFO ] 2020-07-07 13:30:55.861 [main] s.d.s.w.p.DocumentationPluginsBootstrapper - Found 1 custom documentation plugin(s)
[INFO ] 2020-07-07 13:30:55.895 [main] s.d.s.w.s.ApiListingReferenceScanner - Scanning for api listing references
[INFO ] 2020-07-07 13:30:56.032 [main] o.a.coyote.http11.Http11NioProtocol - Starting ProtocolHandler ["http-nio-8088"]
[INFO ] 2020-07-07 13:30:56.055 [main] o.s.b.w.e.tomcat.TomcatWebServer - Tomcat started on port(s): 8088 (http) with context path '/eis-api'
[INFO ] 2020-07-07 13:30:56.059 [main] com.mic.eis.EisWebMain - Started EisWebMain in 6.147 seconds (JVM running for 8.178)
[INFO ] 2020-07-07 13:31:19.801 [http-nio-8088-exec-1] o.a.c.c.C.[.[localhost].[/eis-api] - Initializing Spring DispatcherServlet 'dispatcherServlet'
[INFO ] 2020-07-07 13:31:19.802 [http-nio-8088-exec-1] o.s.web.servlet.DispatcherServlet - Initializing Servlet 'dispatcherServlet'
[INFO ] 2020-07-07 13:31:19.815 [http-nio-8088-exec-1] o.s.web.servlet.DispatcherServlet - Completed initialization in 13 ms
[INFO ] 2020-07-07 19:12:24.142 [main] com.mic.eis.EisWebMain - Starting EisWebMain on LAPTOP-QIJ86VMM with PID 16740 (D:\Study\Java\EIS\EISProject\eis\eis-assembly\target\classes started by wanghongliang in D:\Study\Java\EIS\EISProject\eis)
[INFO ] 2020-07-07 19:12:24.144 [main] com.mic.eis.EisWebMain - The following profiles are active: dev
[INFO ] 2020-07-07 19:12:25.126 [main] o.s.d.r.c.RepositoryConfigurationDelegate - Multiple Spring Data modules found, entering strict repository configuration mode!
[INFO ] 2020-07-07 19:12:25.129 [main] o.s.d.r.c.RepositoryConfigurationDelegate - Bootstrapping Spring Data repositories in DEFAULT mode.
[INFO ] 2020-07-07 19:12:25.177 [main] o.s.d.r.c.RepositoryConfigurationDelegate - Finished Spring Data repository scanning in 34ms. Found 0 repository interfaces.
[INFO ] 2020-07-07 19:12:25.410 [main] o.s.c.s.PostProcessorRegistrationDelegate$BeanPostProcessorChecker - Bean 'shiroConfig' of type [com.mic.eis.config.ShiroConfig$$EnhancerBySpringCGLIB$$9de42065] is not eligible for getting processed by all BeanPostProcessors (for example: not eligible for auto-proxying)
[INFO ] 2020-07-07 19:12:26.058 [main] o.s.c.s.PostProcessorRegistrationDelegate$BeanPostProcessorChecker - Bean 'credentialsMatcher' of type [org.apache.shiro.authc.credential.HashedCredentialsMatcher] is not eligible for getting processed by all BeanPostProcessors (for example: not eligible for auto-proxying)
[INFO ] 2020-07-07 19:12:26.157 [main] o.s.c.s.PostProcessorRegistrationDelegate$BeanPostProcessorChecker - Bean 'mybatis-plus-com.baomidou.mybatisplus.autoconfigure.MybatisPlusProperties' of type [com.baomidou.mybatisplus.autoconfigure.MybatisPlusProperties] is not eligible for getting processed by all BeanPostProcessors (for example: not eligible for auto-proxying)
[INFO ] 2020-07-07 19:12:26.167 [main] o.s.c.s.PostProcessorRegistrationDelegate$BeanPostProcessorChecker - Bean 'com.baomidou.mybatisplus.autoconfigure.MybatisPlusAutoConfiguration' of type [com.baomidou.mybatisplus.autoconfigure.MybatisPlusAutoConfiguration$$EnhancerBySpringCGLIB$$65e13480] is not eligible for getting processed by all BeanPostProcessors (for example: not eligible for auto-proxying)
[INFO ] 2020-07-07 19:12:26.168 [main] o.s.c.s.PostProcessorRegistrationDelegate$BeanPostProcessorChecker - Bean 'druidConfig' of type [com.mic.eis.config.DruidConfig$$EnhancerBySpringCGLIB$$f28a83d6] is not eligible for getting processed by all BeanPostProcessors (for example: not eligible for auto-proxying)
[INFO ] 2020-07-07 19:12:26.248 [main] o.s.c.s.PostProcessorRegistrationDelegate$BeanPostProcessorChecker - Bean 'spring.datasource-org.springframework.boot.autoconfigure.jdbc.DataSourceProperties' of type [org.springframework.boot.autoconfigure.jdbc.DataSourceProperties] is not eligible for getting processed by all BeanPostProcessors (for example: not eligible for auto-proxying)
[INFO ] 2020-07-07 19:12:26.304 [main] c.alibaba.druid.pool.DruidDataSource - {dataSource-1} inited
[INFO ] 2020-07-07 19:12:26.304 [main] o.s.c.s.PostProcessorRegistrationDelegate$BeanPostProcessorChecker - Bean 'dataSource' of type [com.alibaba.druid.spring.boot.autoconfigure.DruidDataSourceWrapper] is not eligible for getting processed by all BeanPostProcessors (for example: not eligible for auto-proxying)
[INFO ] 2020-07-07 19:12:27.373 [main] o.s.c.s.PostProcessorRegistrationDelegate$BeanPostProcessorChecker - Bean 'sqlSessionFactory' of type [org.apache.ibatis.session.defaults.DefaultSqlSessionFactory] is not eligible for getting processed by all BeanPostProcessors (for example: not eligible for auto-proxying)
[INFO ] 2020-07-07 19:12:27.377 [main] o.s.c.s.PostProcessorRegistrationDelegate$BeanPostProcessorChecker - Bean 'sqlSessionTemplate' of type [org.mybatis.spring.SqlSessionTemplate] is not eligible for getting processed by all BeanPostProcessors (for example: not eligible for auto-proxying)
[INFO ] 2020-07-07 19:12:27.378 [main] o.s.c.s.PostProcessorRegistrationDelegate$BeanPostProcessorChecker - Bean 'userMapper' of type [org.mybatis.spring.mapper.MapperFactoryBean] is not eligible for getting processed by all BeanPostProcessors (for example: not eligible for auto-proxying)
[INFO ] 2020-07-07 19:12:27.379 [main] o.s.c.s.PostProcessorRegistrationDelegate$BeanPostProcessorChecker - Bean 'userMapper' of type [com.sun.proxy.$Proxy76] is not eligible for getting processed by all BeanPostProcessors (for example: not eligible for auto-proxying)
[INFO ] 2020-07-07 19:12:27.403 [main] o.s.c.s.PostProcessorRegistrationDelegate$BeanPostProcessorChecker - Bean 'roleMapper' of type [org.mybatis.spring.mapper.MapperFactoryBean] is not eligible for getting processed by all BeanPostProcessors (for example: not eligible for auto-proxying)
[INFO ] 2020-07-07 19:12:27.404 [main] o.s.c.s.PostProcessorRegistrationDelegate$BeanPostProcessorChecker - Bean 'roleMapper' of type [com.sun.proxy.$Proxy77] is not eligible for getting processed by all BeanPostProcessors (for example: not eligible for auto-proxying)
[INFO ] 2020-07-07 19:12:27.424 [main] o.s.c.s.PostProcessorRegistrationDelegate$BeanPostProcessorChecker - Bean 'aclMapper' of type [org.mybatis.spring.mapper.MapperFactoryBean] is not eligible for getting processed by all BeanPostProcessors (for example: not eligible for auto-proxying)
[INFO ] 2020-07-07 19:12:27.425 [main] o.s.c.s.PostProcessorRegistrationDelegate$BeanPostProcessorChecker - Bean 'aclMapper' of type [com.sun.proxy.$Proxy78] is not eligible for getting processed by all BeanPostProcessors (for example: not eligible for auto-proxying)
[INFO ] 2020-07-07 19:12:27.425 [main] o.s.c.s.PostProcessorRegistrationDelegate$BeanPostProcessorChecker - Bean 'customRealm' of type [com.mic.eis.config.CustomRealm] is not eligible for getting processed by all BeanPostProcessors (for example: not eligible for auto-proxying)
[INFO ] 2020-07-07 19:12:27.433 [main] o.s.c.s.PostProcessorRegistrationDelegate$BeanPostProcessorChecker - Bean 'sessionManager' of type [com.mic.eis.config.CustomSessionManager] is not eligible for getting processed by all BeanPostProcessors (for example: not eligible for auto-proxying)
[INFO ] 2020-07-07 19:12:27.435 [main] o.s.c.s.PostProcessorRegistrationDelegate$BeanPostProcessorChecker - Bean 'securityManager' of type [org.apache.shiro.web.mgt.DefaultWebSecurityManager] is not eligible for getting processed by all BeanPostProcessors (for example: not eligible for auto-proxying)
[INFO ] 2020-07-07 19:12:27.470 [main] o.s.c.s.PostProcessorRegistrationDelegate$BeanPostProcessorChecker - Bean 'authorizationAttributeSourceAdvisor' of type [org.apache.shiro.spring.security.interceptor.AuthorizationAttributeSourceAdvisor] is not eligible for getting processed by all BeanPostProcessors (for example: not eligible for auto-proxying)
[INFO ] 2020-07-07 19:12:27.493 [main] o.s.c.s.PostProcessorRegistrationDelegate$BeanPostProcessorChecker - Bean 'org.springframework.transaction.annotation.ProxyTransactionManagementConfiguration' of type [org.springframework.transaction.annotation.ProxyTransactionManagementConfiguration$$EnhancerBySpringCGLIB$$2818c7e6] is not eligible for getting processed by all BeanPostProcessors (for example: not eligible for auto-proxying)
[INFO ] 2020-07-07 19:12:27.797 [main] o.s.b.w.e.tomcat.TomcatWebServer - Tomcat initialized with port(s): 8088 (http)
[INFO ] 2020-07-07 19:12:27.812 [main] o.a.coyote.http11.Http11NioProtocol - Initializing ProtocolHandler ["http-nio-8088"]
[INFO ] 2020-07-07 19:12:27.820 [main] o.a.catalina.core.StandardService - Starting service [Tomcat]
[INFO ] 2020-07-07 19:12:27.820 [main] o.a.catalina.core.StandardEngine - Starting Servlet engine: [Apache Tomcat/9.0.24]
[INFO ] 2020-07-07 19:12:27.938 [main] o.a.c.c.C.[.[localhost].[/eis-api] - Initializing Spring embedded WebApplicationContext
[INFO ] 2020-07-07 19:12:27.938 [main] o.s.web.context.ContextLoader - Root WebApplicationContext: initialization completed in 3746 ms
[INFO ] 2020-07-07 19:12:28.663 [main] o.s.s.c.ThreadPoolTaskExecutor - Initializing ExecutorService
[INFO ] 2020-07-07 19:12:28.664 [main] o.s.s.c.ThreadPoolTaskExecutor - Initializing ExecutorService 'defaultThreadPool'
[INFO ] 2020-07-07 19:12:28.952 [main] s.d.s.w.PropertySourcedRequestMappingHandlerMapping - Mapped URL path [/v2/api-docs] onto method [public org.springframework.http.ResponseEntity<springfox.documentation.spring.web.json.Json> springfox.documentation.swagger2.web.Swagger2Controller.getDocumentation(java.lang.String,javax.servlet.http.HttpServletRequest)]
[INFO ] 2020-07-07 19:12:29.578 [main] o.s.s.c.ThreadPoolTaskScheduler - Initializing ExecutorService 'taskScheduler'
[INFO ] 2020-07-07 19:12:29.646 [main] s.d.s.w.p.DocumentationPluginsBootstrapper - Context refreshed
[INFO ] 2020-07-07 19:12:29.664 [main] s.d.s.w.p.DocumentationPluginsBootstrapper - Found 1 custom documentation plugin(s)
[INFO ] 2020-07-07 19:12:29.697 [main] s.d.s.w.s.ApiListingReferenceScanner - Scanning for api listing references
[INFO ] 2020-07-07 19:12:29.852 [main] o.a.coyote.http11.Http11NioProtocol - Starting ProtocolHandler ["http-nio-8088"]
[INFO ] 2020-07-07 19:12:29.874 [main] o.s.b.w.e.tomcat.TomcatWebServer - Tomcat started on port(s): 8088 (http) with context path '/eis-api'
[INFO ] 2020-07-07 19:12:29.877 [main] com.mic.eis.EisWebMain - Started EisWebMain in 6.348 seconds (JVM running for 7.918)
[INFO ] 2020-07-07 19:13:49.075 [http-nio-8088-exec-1] o.a.c.c.C.[.[localhost].[/eis-api] - Initializing Spring DispatcherServlet 'dispatcherServlet'
[INFO ] 2020-07-07 19:13:49.075 [http-nio-8088-exec-1] o.s.web.servlet.DispatcherServlet - Initializing Servlet 'dispatcherServlet'
[INFO ] 2020-07-07 19:13:49.086 [http-nio-8088-exec-1] o.s.web.servlet.DispatcherServlet - Completed initialization in 11 ms
[INFO ] 2020-07-07 19:13:49.103 [http-nio-8088-exec-1] o.a.s.s.m.AbstractValidatingSessionManager - Enabling session validation scheduler...
[INFO ] 2020-07-07 19:14:47.886 [main] com.mic.eis.EisWebMain - Starting EisWebMain on LAPTOP-QIJ86VMM with PID 10584 (D:\Study\Java\EIS\EISProject\eis\eis-assembly\target\classes started by wanghongliang in D:\Study\Java\EIS\EISProject\eis)
[INFO ] 2020-07-07 19:14:47.888 [main] com.mic.eis.EisWebMain - The following profiles are active: dev
[INFO ] 2020-07-07 19:14:48.830 [main] o.s.d.r.c.RepositoryConfigurationDelegate - Multiple Spring Data modules found, entering strict repository configuration mode!
[INFO ] 2020-07-07 19:14:48.832 [main] o.s.d.r.c.RepositoryConfigurationDelegate - Bootstrapping Spring Data repositories in DEFAULT mode.
[INFO ] 2020-07-07 19:14:48.879 [main] o.s.d.r.c.RepositoryConfigurationDelegate - Finished Spring Data repository scanning in 35ms. Found 0 repository interfaces.
[INFO ] 2020-07-07 19:14:49.104 [main] o.s.c.s.PostProcessorRegistrationDelegate$BeanPostProcessorChecker - Bean 'shiroConfig' of type [com.mic.eis.config.ShiroConfig$$EnhancerBySpringCGLIB$$1ca015f4] is not eligible for getting processed by all BeanPostProcessors (for example: not eligible for auto-proxying)
[INFO ] 2020-07-07 19:14:49.759 [main] o.s.c.s.PostProcessorRegistrationDelegate$BeanPostProcessorChecker - Bean 'credentialsMatcher' of type [org.apache.shiro.authc.credential.HashedCredentialsMatcher] is not eligible for getting processed by all BeanPostProcessors (for example: not eligible for auto-proxying)
[INFO ] 2020-07-07 19:14:49.844 [main] o.s.c.s.PostProcessorRegistrationDelegate$BeanPostProcessorChecker - Bean 'mybatis-plus-com.baomidou.mybatisplus.autoconfigure.MybatisPlusProperties' of type [com.baomidou.mybatisplus.autoconfigure.MybatisPlusProperties] is not eligible for getting processed by all BeanPostProcessors (for example: not eligible for auto-proxying)
[INFO ] 2020-07-07 19:14:49.854 [main] o.s.c.s.PostProcessorRegistrationDelegate$BeanPostProcessorChecker - Bean 'com.baomidou.mybatisplus.autoconfigure.MybatisPlusAutoConfiguration' of type [com.baomidou.mybatisplus.autoconfigure.MybatisPlusAutoConfiguration$$EnhancerBySpringCGLIB$$e49d2a0f] is not eligible for getting processed by all BeanPostProcessors (for example: not eligible for auto-proxying)
[INFO ] 2020-07-07 19:14:49.856 [main] o.s.c.s.PostProcessorRegistrationDelegate$BeanPostProcessorChecker - Bean 'druidConfig' of type [com.mic.eis.config.DruidConfig$$EnhancerBySpringCGLIB$$71467965] is not eligible for getting processed by all BeanPostProcessors (for example: not eligible for auto-proxying)
[INFO ] 2020-07-07 19:14:49.931 [main] o.s.c.s.PostProcessorRegistrationDelegate$BeanPostProcessorChecker - Bean 'spring.datasource-org.springframework.boot.autoconfigure.jdbc.DataSourceProperties' of type [org.springframework.boot.autoconfigure.jdbc.DataSourceProperties] is not eligible for getting processed by all BeanPostProcessors (for example: not eligible for auto-proxying)
[INFO ] 2020-07-07 19:14:49.982 [main] c.alibaba.druid.pool.DruidDataSource - {dataSource-1} inited
[INFO ] 2020-07-07 19:14:49.983 [main] o.s.c.s.PostProcessorRegistrationDelegate$BeanPostProcessorChecker - Bean 'dataSource' of type [com.alibaba.druid.spring.boot.autoconfigure.DruidDataSourceWrapper] is not eligible for getting processed by all BeanPostProcessors (for example: not eligible for auto-proxying)
[INFO ] 2020-07-07 19:14:51.081 [main] o.s.c.s.PostProcessorRegistrationDelegate$BeanPostProcessorChecker - Bean 'sqlSessionFactory' of type [org.apache.ibatis.session.defaults.DefaultSqlSessionFactory] is not eligible for getting processed by all BeanPostProcessors (for example: not eligible for auto-proxying)
[INFO ] 2020-07-07 19:14:51.085 [main] o.s.c.s.PostProcessorRegistrationDelegate$BeanPostProcessorChecker - Bean 'sqlSessionTemplate' of type [org.mybatis.spring.SqlSessionTemplate] is not eligible for getting processed by all BeanPostProcessors (for example: not eligible for auto-proxying)
[INFO ] 2020-07-07 19:14:51.086 [main] o.s.c.s.PostProcessorRegistrationDelegate$BeanPostProcessorChecker - Bean 'userMapper' of type [org.mybatis.spring.mapper.MapperFactoryBean] is not eligible for getting processed by all BeanPostProcessors (for example: not eligible for auto-proxying)
[INFO ] 2020-07-07 19:14:51.087 [main] o.s.c.s.PostProcessorRegistrationDelegate$BeanPostProcessorChecker - Bean 'userMapper' of type [com.sun.proxy.$Proxy76] is not eligible for getting processed by all BeanPostProcessors (for example: not eligible for auto-proxying)
[INFO ] 2020-07-07 19:14:51.110 [main] o.s.c.s.PostProcessorRegistrationDelegate$BeanPostProcessorChecker - Bean 'roleMapper' of type [org.mybatis.spring.mapper.MapperFactoryBean] is not eligible for getting processed by all BeanPostProcessors (for example: not eligible for auto-proxying)
[INFO ] 2020-07-07 19:14:51.111 [main] o.s.c.s.PostProcessorRegistrationDelegate$BeanPostProcessorChecker - Bean 'roleMapper' of type [com.sun.proxy.$Proxy77] is not eligible for getting processed by all BeanPostProcessors (for example: not eligible for auto-proxying)
[INFO ] 2020-07-07 19:14:51.131 [main] o.s.c.s.PostProcessorRegistrationDelegate$BeanPostProcessorChecker - Bean 'aclMapper' of type [org.mybatis.spring.mapper.MapperFactoryBean] is not eligible for getting processed by all BeanPostProcessors (for example: not eligible for auto-proxying)
[INFO ] 2020-07-07 19:14:51.132 [main] o.s.c.s.PostProcessorRegistrationDelegate$BeanPostProcessorChecker - Bean 'aclMapper' of type [com.sun.proxy.$Proxy78] is not eligible for getting processed by all BeanPostProcessors (for example: not eligible for auto-proxying)
[INFO ] 2020-07-07 19:14:51.132 [main] o.s.c.s.PostProcessorRegistrationDelegate$BeanPostProcessorChecker - Bean 'customRealm' of type [com.mic.eis.config.CustomRealm] is not eligible for getting processed by all BeanPostProcessors (for example: not eligible for auto-proxying)
[INFO ] 2020-07-07 19:14:51.140 [main] o.s.c.s.PostProcessorRegistrationDelegate$BeanPostProcessorChecker - Bean 'sessionManager' of type [com.mic.eis.config.CustomSessionManager] is not eligible for getting processed by all BeanPostProcessors (for example: not eligible for auto-proxying)
[INFO ] 2020-07-07 19:14:51.142 [main] o.s.c.s.PostProcessorRegistrationDelegate$BeanPostProcessorChecker - Bean 'securityManager' of type [org.apache.shiro.web.mgt.DefaultWebSecurityManager] is not eligible for getting processed by all BeanPostProcessors (for example: not eligible for auto-proxying)
[INFO ] 2020-07-07 19:14:51.168 [main] o.s.c.s.PostProcessorRegistrationDelegate$BeanPostProcessorChecker - Bean 'authorizationAttributeSourceAdvisor' of type [org.apache.shiro.spring.security.interceptor.AuthorizationAttributeSourceAdvisor] is not eligible for getting processed by all BeanPostProcessors (for example: not eligible for auto-proxying)
[INFO ] 2020-07-07 19:14:51.191 [main] o.s.c.s.PostProcessorRegistrationDelegate$BeanPostProcessorChecker - Bean 'org.springframework.transaction.annotation.ProxyTransactionManagementConfiguration' of type [org.springframework.transaction.annotation.ProxyTransactionManagementConfiguration$$EnhancerBySpringCGLIB$$a6d4bd75] is not eligible for getting processed by all BeanPostProcessors (for example: not eligible for auto-proxying)
[INFO ] 2020-07-07 19:14:51.486 [main] o.s.b.w.e.tomcat.TomcatWebServer - Tomcat initialized with port(s): 8088 (http)
[INFO ] 2020-07-07 19:14:51.500 [main] o.a.coyote.http11.Http11NioProtocol - Initializing ProtocolHandler ["http-nio-8088"]
[INFO ] 2020-07-07 19:14:51.507 [main] o.a.catalina.core.StandardService - Starting service [Tomcat]
[INFO ] 2020-07-07 19:14:51.507 [main] o.a.catalina.core.StandardEngine - Starting Servlet engine: [Apache Tomcat/9.0.24]
[INFO ] 2020-07-07 19:14:51.623 [main] o.a.c.c.C.[.[localhost].[/eis-api] - Initializing Spring embedded WebApplicationContext
[INFO ] 2020-07-07 19:14:51.623 [main] o.s.web.context.ContextLoader - Root WebApplicationContext: initialization completed in 3688 ms
[INFO ] 2020-07-07 19:14:52.316 [main] o.s.s.c.ThreadPoolTaskExecutor - Initializing ExecutorService
[INFO ] 2020-07-07 19:14:52.318 [main] o.s.s.c.ThreadPoolTaskExecutor - Initializing ExecutorService 'defaultThreadPool'
[INFO ] 2020-07-07 19:14:52.582 [main] s.d.s.w.PropertySourcedRequestMappingHandlerMapping - Mapped URL path [/v2/api-docs] onto method [public org.springframework.http.ResponseEntity<springfox.documentation.spring.web.json.Json> springfox.documentation.swagger2.web.Swagger2Controller.getDocumentation(java.lang.String,javax.servlet.http.HttpServletRequest)]
[INFO ] 2020-07-07 19:14:53.195 [main] o.s.s.c.ThreadPoolTaskScheduler - Initializing ExecutorService 'taskScheduler'
[INFO ] 2020-07-07 19:14:53.261 [main] s.d.s.w.p.DocumentationPluginsBootstrapper - Context refreshed
[INFO ] 2020-07-07 19:14:53.278 [main] s.d.s.w.p.DocumentationPluginsBootstrapper - Found 1 custom documentation plugin(s)
[INFO ] 2020-07-07 19:14:53.308 [main] s.d.s.w.s.ApiListingReferenceScanner - Scanning for api listing references
[INFO ] 2020-07-07 19:14:53.458 [main] o.a.coyote.http11.Http11NioProtocol - Starting ProtocolHandler ["http-nio-8088"]
[INFO ] 2020-07-07 19:14:53.481 [main] o.s.b.w.e.tomcat.TomcatWebServer - Tomcat started on port(s): 8088 (http) with context path '/eis-api'
[INFO ] 2020-07-07 19:14:53.484 [main] com.mic.eis.EisWebMain - Started EisWebMain in 6.161 seconds (JVM running for 7.62)
[INFO ] 2020-07-07 19:15:40.114 [http-nio-8088-exec-1] o.a.c.c.C.[.[localhost].[/eis-api] - Initializing Spring DispatcherServlet 'dispatcherServlet'
[INFO ] 2020-07-07 19:15:40.114 [http-nio-8088-exec-1] o.s.web.servlet.DispatcherServlet - Initializing Servlet 'dispatcherServlet'
[INFO ] 2020-07-07 19:15:40.123 [http-nio-8088-exec-1] o.s.web.servlet.DispatcherServlet - Completed initialization in 9 ms
[INFO ] 2020-07-07 19:15:40.139 [http-nio-8088-exec-1] o.a.s.s.m.AbstractValidatingSessionManager - Enabling session validation scheduler...
[INFO ] 2020-07-07 19:18:14.486 [main] com.mic.eis.EisWebMain - Starting EisWebMain on LAPTOP-QIJ86VMM with PID 17964 (D:\Study\Java\EIS\EISProject\eis\eis-assembly\target\classes started by wanghongliang in D:\Study\Java\EIS\EISProject\eis)
[INFO ] 2020-07-07 19:18:14.489 [main] com.mic.eis.EisWebMain - The following profiles are active: dev
[INFO ] 2020-07-07 19:18:15.550 [main] o.s.d.r.c.RepositoryConfigurationDelegate - Multiple Spring Data modules found, entering strict repository configuration mode!
[INFO ] 2020-07-07 19:18:15.552 [main] o.s.d.r.c.RepositoryConfigurationDelegate - Bootstrapping Spring Data repositories in DEFAULT mode.
[INFO ] 2020-07-07 19:18:15.597 [main] o.s.d.r.c.RepositoryConfigurationDelegate - Finished Spring Data repository scanning in 34ms. Found 0 repository interfaces.
[INFO ] 2020-07-07 19:18:15.818 [main] o.s.c.s.PostProcessorRegistrationDelegate$BeanPostProcessorChecker - Bean 'shiroConfig' of type [com.mic.eis.config.ShiroConfig$$EnhancerBySpringCGLIB$$619dd0e8] is not eligible for getting processed by all BeanPostProcessors (for example: not eligible for auto-proxying)
[INFO ] 2020-07-07 19:18:16.455 [main] o.s.c.s.PostProcessorRegistrationDelegate$BeanPostProcessorChecker - Bean 'credentialsMatcher' of type [org.apache.shiro.authc.credential.HashedCredentialsMatcher] is not eligible for getting processed by all BeanPostProcessors (for example: not eligible for auto-proxying)
[INFO ] 2020-07-07 19:18:16.538 [main] o.s.c.s.PostProcessorRegistrationDelegate$BeanPostProcessorChecker - Bean 'mybatis-plus-com.baomidou.mybatisplus.autoconfigure.MybatisPlusProperties' of type [com.baomidou.mybatisplus.autoconfigure.MybatisPlusProperties] is not eligible for getting processed by all BeanPostProcessors (for example: not eligible for auto-proxying)
[INFO ] 2020-07-07 19:18:16.549 [main] o.s.c.s.PostProcessorRegistrationDelegate$BeanPostProcessorChecker - Bean 'com.baomidou.mybatisplus.autoconfigure.MybatisPlusAutoConfiguration' of type [com.baomidou.mybatisplus.autoconfigure.MybatisPlusAutoConfiguration$$EnhancerBySpringCGLIB$$299ae503] is not eligible for getting processed by all BeanPostProcessors (for example: not eligible for auto-proxying)
[INFO ] 2020-07-07 19:18:16.550 [main] o.s.c.s.PostProcessorRegistrationDelegate$BeanPostProcessorChecker - Bean 'druidConfig' of type [com.mic.eis.config.DruidConfig$$EnhancerBySpringCGLIB$$b6443459] is not eligible for getting processed by all BeanPostProcessors (for example: not eligible for auto-proxying)
[INFO ] 2020-07-07 19:18:16.624 [main] o.s.c.s.PostProcessorRegistrationDelegate$BeanPostProcessorChecker - Bean 'spring.datasource-org.springframework.boot.autoconfigure.jdbc.DataSourceProperties' of type [org.springframework.boot.autoconfigure.jdbc.DataSourceProperties] is not eligible for getting processed by all BeanPostProcessors (for example: not eligible for auto-proxying)
[INFO ] 2020-07-07 19:18:16.675 [main] c.alibaba.druid.pool.DruidDataSource - {dataSource-1} inited
[INFO ] 2020-07-07 19:18:16.675 [main] o.s.c.s.PostProcessorRegistrationDelegate$BeanPostProcessorChecker - Bean 'dataSource' of type [com.alibaba.druid.spring.boot.autoconfigure.DruidDataSourceWrapper] is not eligible for getting processed by all BeanPostProcessors (for example: not eligible for auto-proxying)
[INFO ] 2020-07-07 19:18:17.742 [main] o.s.c.s.PostProcessorRegistrationDelegate$BeanPostProcessorChecker - Bean 'sqlSessionFactory' of type [org.apache.ibatis.session.defaults.DefaultSqlSessionFactory] is not eligible for getting processed by all BeanPostProcessors (for example: not eligible for auto-proxying)
[INFO ] 2020-07-07 19:18:17.746 [main] o.s.c.s.PostProcessorRegistrationDelegate$BeanPostProcessorChecker - Bean 'sqlSessionTemplate' of type [org.mybatis.spring.SqlSessionTemplate] is not eligible for getting processed by all BeanPostProcessors (for example: not eligible for auto-proxying)
[INFO ] 2020-07-07 19:18:17.747 [main] o.s.c.s.PostProcessorRegistrationDelegate$BeanPostProcessorChecker - Bean 'userMapper' of type [org.mybatis.spring.mapper.MapperFactoryBean] is not eligible for getting processed by all BeanPostProcessors (for example: not eligible for auto-proxying)
[INFO ] 2020-07-07 19:18:17.748 [main] o.s.c.s.PostProcessorRegistrationDelegate$BeanPostProcessorChecker - Bean 'userMapper' of type [com.sun.proxy.$Proxy76] is not eligible for getting processed by all BeanPostProcessors (for example: not eligible for auto-proxying)
[INFO ] 2020-07-07 19:18:17.772 [main] o.s.c.s.PostProcessorRegistrationDelegate$BeanPostProcessorChecker - Bean 'roleMapper' of type [org.mybatis.spring.mapper.MapperFactoryBean] is not eligible for getting processed by all BeanPostProcessors (for example: not eligible for auto-proxying)
[INFO ] 2020-07-07 19:18:17.773 [main] o.s.c.s.PostProcessorRegistrationDelegate$BeanPostProcessorChecker - Bean 'roleMapper' of type [com.sun.proxy.$Proxy77] is not eligible for getting processed by all BeanPostProcessors (for example: not eligible for auto-proxying)
[INFO ] 2020-07-07 19:18:17.793 [main] o.s.c.s.PostProcessorRegistrationDelegate$BeanPostProcessorChecker - Bean 'aclMapper' of type [org.mybatis.spring.mapper.MapperFactoryBean] is not eligible for getting processed by all BeanPostProcessors (for example: not eligible for auto-proxying)
[INFO ] 2020-07-07 19:18:17.794 [main] o.s.c.s.PostProcessorRegistrationDelegate$BeanPostProcessorChecker - Bean 'aclMapper' of type [com.sun.proxy.$Proxy78] is not eligible for getting processed by all BeanPostProcessors (for example: not eligible for auto-proxying)
[INFO ] 2020-07-07 19:18:17.794 [main] o.s.c.s.PostProcessorRegistrationDelegate$BeanPostProcessorChecker - Bean 'customRealm' of type [com.mic.eis.config.CustomRealm] is not eligible for getting processed by all BeanPostProcessors (for example: not eligible for auto-proxying)
[INFO ] 2020-07-07 19:18:17.802 [main] o.s.c.s.PostProcessorRegistrationDelegate$BeanPostProcessorChecker - Bean 'sessionManager' of type [com.mic.eis.config.CustomSessionManager] is not eligible for getting processed by all BeanPostProcessors (for example: not eligible for auto-proxying)
[INFO ] 2020-07-07 19:18:17.804 [main] o.s.c.s.PostProcessorRegistrationDelegate$BeanPostProcessorChecker - Bean 'securityManager' of type [org.apache.shiro.web.mgt.DefaultWebSecurityManager] is not eligible for getting processed by all BeanPostProcessors (for example: not eligible for auto-proxying)
[INFO ] 2020-07-07 19:18:17.829 [main] o.s.c.s.PostProcessorRegistrationDelegate$BeanPostProcessorChecker - Bean 'authorizationAttributeSourceAdvisor' of type [org.apache.shiro.spring.security.interceptor.AuthorizationAttributeSourceAdvisor] is not eligible for getting processed by all BeanPostProcessors (for example: not eligible for auto-proxying)
[INFO ] 2020-07-07 19:18:17.852 [main] o.s.c.s.PostProcessorRegistrationDelegate$BeanPostProcessorChecker - Bean 'org.springframework.transaction.annotation.ProxyTransactionManagementConfiguration' of type [org.springframework.transaction.annotation.ProxyTransactionManagementConfiguration$$EnhancerBySpringCGLIB$$ebd27869] is not eligible for getting processed by all BeanPostProcessors (for example: not eligible for auto-proxying)
[INFO ] 2020-07-07 19:18:18.194 [main] o.s.b.w.e.tomcat.TomcatWebServer - Tomcat initialized with port(s): 8088 (http)
[INFO ] 2020-07-07 19:18:18.207 [main] o.a.coyote.http11.Http11NioProtocol - Initializing ProtocolHandler ["http-nio-8088"]
[INFO ] 2020-07-07 19:18:18.214 [main] o.a.catalina.core.StandardService - Starting service [Tomcat]
[INFO ] 2020-07-07 19:18:18.214 [main] o.a.catalina.core.StandardEngine - Starting Servlet engine: [Apache Tomcat/9.0.24]
[INFO ] 2020-07-07 19:18:18.329 [main] o.a.c.c.C.[.[localhost].[/eis-api] - Initializing Spring embedded WebApplicationContext
[INFO ] 2020-07-07 19:18:18.330 [main] o.s.web.context.ContextLoader - Root WebApplicationContext: initialization completed in 3788 ms
[INFO ] 2020-07-07 19:18:19.023 [main] o.s.s.c.ThreadPoolTaskExecutor - Initializing ExecutorService
[INFO ] 2020-07-07 19:18:19.024 [main] o.s.s.c.ThreadPoolTaskExecutor - Initializing ExecutorService 'defaultThreadPool'
[INFO ] 2020-07-07 19:18:19.285 [main] s.d.s.w.PropertySourcedRequestMappingHandlerMapping - Mapped URL path [/v2/api-docs] onto method [public org.springframework.http.ResponseEntity<springfox.documentation.spring.web.json.Json> springfox.documentation.swagger2.web.Swagger2Controller.getDocumentation(java.lang.String,javax.servlet.http.HttpServletRequest)]
[INFO ] 2020-07-07 19:18:19.876 [main] o.s.s.c.ThreadPoolTaskScheduler - Initializing ExecutorService 'taskScheduler'
[INFO ] 2020-07-07 19:18:19.943 [main] s.d.s.w.p.DocumentationPluginsBootstrapper - Context refreshed
[INFO ] 2020-07-07 19:18:19.960 [main] s.d.s.w.p.DocumentationPluginsBootstrapper - Found 1 custom documentation plugin(s)
[INFO ] 2020-07-07 19:18:19.990 [main] s.d.s.w.s.ApiListingReferenceScanner - Scanning for api listing references
[INFO ] 2020-07-07 19:18:20.142 [main] o.a.coyote.http11.Http11NioProtocol - Starting ProtocolHandler ["http-nio-8088"]
[INFO ] 2020-07-07 19:18:20.164 [main] o.s.b.w.e.tomcat.TomcatWebServer - Tomcat started on port(s): 8088 (http) with context path '/eis-api'
[INFO ] 2020-07-07 19:18:20.167 [main] com.mic.eis.EisWebMain - Started EisWebMain in 6.301 seconds (JVM running for 7.809)
[INFO ] 2020-07-07 19:19:08.269 [http-nio-8088-exec-1] o.a.c.c.C.[.[localhost].[/eis-api] - Initializing Spring DispatcherServlet 'dispatcherServlet'
[INFO ] 2020-07-07 19:19:08.269 [http-nio-8088-exec-1] o.s.web.servlet.DispatcherServlet - Initializing Servlet 'dispatcherServlet'
[INFO ] 2020-07-07 19:19:08.279 [http-nio-8088-exec-1] o.s.web.servlet.DispatcherServlet - Completed initialization in 10 ms
[INFO ] 2020-07-07 19:19:08.293 [http-nio-8088-exec-1] o.a.s.s.m.AbstractValidatingSessionManager - Enabling session validation scheduler...
